2021-05-31 16:50:52,999  INFO [main] BaseTest:109 - ---------------- Launching chrome browser -----------------
2021-05-31 16:51:15,200  INFO [main] IndexPage:61 - Clicking Cab
2021-05-31 16:51:17,065  INFO [main] CabHomePage:20 - Clicking Round Trip
2021-05-31 16:51:17,633  INFO [main] CabHomePage:25 - Clicking From City
2021-05-31 16:51:18,557  INFO [main] CabHomePage:30 - Setting From City
2021-05-31 16:51:21,199  INFO [main] CabHomePage:36 - Clicking From Suggestion
2021-05-31 16:51:23,654  INFO [main] CabHomePage:47 - Setting To City
2021-05-31 16:51:24,139  INFO [main] CabHomePage:52 - Clicking To Suggestion
2021-05-31 16:51:25,107  INFO [main] CabHomePage:63 - Setting Departure Date
2021-05-31 16:51:25,752  INFO [main] CabHomePage:74 - Setting Return Date
2021-05-31 16:51:25,805  INFO [main] CabHomePage:80 - Setting PickUp Time
2021-05-31 16:51:26,365  INFO [main] CabHomePage:86 - Clicking DropDown Time
2021-05-31 16:51:26,743  INFO [main] CabHomePage:89 - Setting DropDown Time
2021-05-31 16:51:35,468  INFO [main] CabHomePage:94 - Clicking Search
2021-05-31 16:51:40,978  INFO [main] CabBookingPage:21 - Car Model Selected
2021-05-31 16:51:41,489  INFO [main] CabBookingPage:26 - Book Now Button clicked
2021-05-31 16:51:41,832  INFO [main] CabBookingPage:41 - Covid Safety CheckBox Clicked
2021-05-31 16:51:42,399  INFO [main] CabBookingPage:46 - Covid Safety Continue Button Clicked
2021-05-31 16:51:47,871  INFO [main] CabTripDetailsPage:23 - Clicking Pickup Address
2021-05-31 16:51:48,164  INFO [main] CabTripDetailsPage:28 - Setting Pick Up Address
2021-05-31 16:51:50,458  INFO [main] CabTripDetailsPage:34 - Selecting Pick Up Address From DropDown
2021-05-31 16:51:51,082  INFO [main] CabTripDetailsPage:39 - Setting Traveller Name
2021-05-31 16:51:51,567  INFO [main] CabTripDetailsPage:42 - Selecting Gender
2021-05-31 16:51:52,071  INFO [main] CabTripDetailsPage:45 - Setting Traveller Email
2021-05-31 16:51:52,594  INFO [main] CabTripDetailsPage:48 - Setting Traveller Mobile No
2021-05-31 16:51:53,941  INFO [main] CabTripDetailsPage:54 - Clicking Pay Now
2021-05-31 16:52:05,566  INFO [main] PaymentPage:21 - Asserting payment text
2021-05-31 16:52:06,743  INFO [main] BaseTest:175 - Driver closed
2021-05-31 16:52:07,010 DEBUG [main] cache:45 - Couldn't find template in cache for "index.ftl"("en", UTF-8, parsed); will try to load it.
2021-05-31 16:52:07,015 DEBUG [main] cache:45 - TemplateLoader.findTemplateSource("index_en.ftl"): Not found
2021-05-31 16:52:07,026 DEBUG [main] cache:45 - TemplateLoader.findTemplateSource("index.ftl"): Found
2021-05-31 16:52:07,028 DEBUG [main] cache:45 - Loading template for "index.ftl"("en", UTF-8, parsed) from "jar:file:/C:/Users/DELL/.m2/repository/com/aventstack/extentreports/3.1.5/extentreports-3.1.5.jar!/com/aventstack/extentreports/view/html-report/index.ftl"
2021-05-31 16:52:07,863 DEBUG [main] cache:45 - Couldn't find template in cache for "head.ftl"("en", UTF-8, parsed); will try to load it.
2021-05-31 16:52:07,864 DEBUG [main] cache:45 - TemplateLoader.findTemplateSource("head_en.ftl"): Not found
2021-05-31 16:52:07,866 DEBUG [main] cache:45 - TemplateLoader.findTemplateSource("head.ftl"): Found
2021-05-31 16:52:07,867 DEBUG [main] cache:45 - Loading template for "head.ftl"("en", UTF-8, parsed) from "jar:file:/C:/Users/DELL/.m2/repository/com/aventstack/extentreports/3.1.5/extentreports-3.1.5.jar!/com/aventstack/extentreports/view/html-report/head.ftl"
2021-05-31 16:52:07,875 DEBUG [main] cache:45 - Couldn't find template in cache for "nav.ftl"("en", UTF-8, parsed); will try to load it.
2021-05-31 16:52:07,878 DEBUG [main] cache:45 - TemplateLoader.findTemplateSource("nav_en.ftl"): Not found
2021-05-31 16:52:07,880 DEBUG [main] cache:45 - TemplateLoader.findTemplateSource("nav.ftl"): Found
2021-05-31 16:52:07,881 DEBUG [main] cache:45 - Loading template for "nav.ftl"("en", UTF-8, parsed) from "jar:file:/C:/Users/DELL/.m2/repository/com/aventstack/extentreports/3.1.5/extentreports-3.1.5.jar!/com/aventstack/extentreports/view/html-report/nav.ftl"
2021-05-31 16:52:07,902 DEBUG [main] cache:45 - Couldn't find template in cache for "test-view/test-view.ftl"("en", UTF-8, parsed); will try to load it.
2021-05-31 16:52:07,903 DEBUG [main] cache:45 - TemplateLoader.findTemplateSource("test-view/test-view_en.ftl"): Not found
2021-05-31 16:52:07,904 DEBUG [main] cache:45 - TemplateLoader.findTemplateSource("test-view/test-view.ftl"): Found
2021-05-31 16:52:07,905 DEBUG [main] cache:45 - Loading template for "test-view/test-view.ftl"("en", UTF-8, parsed) from "jar:file:/C:/Users/DELL/.m2/repository/com/aventstack/extentreports/3.1.5/extentreports-3.1.5.jar!/com/aventstack/extentreports/view/html-report/test-view/test-view.ftl"
2021-05-31 16:52:07,943 DEBUG [main] cache:45 - Couldn't find template in cache for "test-view/standard.ftl"("en", UTF-8, parsed); will try to load it.
2021-05-31 16:52:07,944 DEBUG [main] cache:45 - TemplateLoader.findTemplateSource("test-view/standard_en.ftl"): Not found
2021-05-31 16:52:07,946 DEBUG [main] cache:45 - TemplateLoader.findTemplateSource("test-view/standard.ftl"): Found
2021-05-31 16:52:07,947 DEBUG [main] cache:45 - Loading template for "test-view/standard.ftl"("en", UTF-8, parsed) from "jar:file:/C:/Users/DELL/.m2/repository/com/aventstack/extentreports/3.1.5/extentreports-3.1.5.jar!/com/aventstack/extentreports/view/html-report/test-view/standard.ftl"
2021-05-31 16:52:08,105 DEBUG [main] cache:45 - Couldn't find template in cache for "test-view/test-view-charts.ftl"("en", UTF-8, parsed); will try to load it.
2021-05-31 16:52:08,107 DEBUG [main] cache:45 - TemplateLoader.findTemplateSource("test-view/test-view-charts_en.ftl"): Not found
2021-05-31 16:52:08,108 DEBUG [main] cache:45 - TemplateLoader.findTemplateSource("test-view/test-view-charts.ftl"): Found
2021-05-31 16:52:08,109 DEBUG [main] cache:45 - Loading template for "test-view/test-view-charts.ftl"("en", UTF-8, parsed) from "jar:file:/C:/Users/DELL/.m2/repository/com/aventstack/extentreports/3.1.5/extentreports-3.1.5.jar!/com/aventstack/extentreports/view/html-report/test-view/test-view-charts.ftl"
2021-05-31 16:52:08,135 DEBUG [main] cache:45 - Couldn't find template in cache for "category-view/category-view.ftl"("en", UTF-8, parsed); will try to load it.
2021-05-31 16:52:08,136 DEBUG [main] cache:45 - TemplateLoader.findTemplateSource("category-view/category-view_en.ftl"): Not found
2021-05-31 16:52:08,138 DEBUG [main] cache:45 - TemplateLoader.findTemplateSource("category-view/category-view.ftl"): Found
2021-05-31 16:52:08,138 DEBUG [main] cache:45 - Loading template for "category-view/category-view.ftl"("en", UTF-8, parsed) from "jar:file:/C:/Users/DELL/.m2/repository/com/aventstack/extentreports/3.1.5/extentreports-3.1.5.jar!/com/aventstack/extentreports/view/html-report/category-view/category-view.ftl"
2021-05-31 16:52:08,164 DEBUG [main] cache:45 - Couldn't find template in cache for "author-view/author-view.ftl"("en", UTF-8, parsed); will try to load it.
2021-05-31 16:52:08,166 DEBUG [main] cache:45 - TemplateLoader.findTemplateSource("author-view/author-view_en.ftl"): Not found
2021-05-31 16:52:08,167 DEBUG [main] cache:45 - TemplateLoader.findTemplateSource("author-view/author-view.ftl"): Found
2021-05-31 16:52:08,168 DEBUG [main] cache:45 - Loading template for "author-view/author-view.ftl"("en", UTF-8, parsed) from "jar:file:/C:/Users/DELL/.m2/repository/com/aventstack/extentreports/3.1.5/extentreports-3.1.5.jar!/com/aventstack/extentreports/view/html-report/author-view/author-view.ftl"
2021-05-31 16:52:08,181 DEBUG [main] cache:45 - Couldn't find template in cache for "exception-view/exception-view.ftl"("en", UTF-8, parsed); will try to load it.
2021-05-31 16:52:08,182 DEBUG [main] cache:45 - TemplateLoader.findTemplateSource("exception-view/exception-view_en.ftl"): Not found
2021-05-31 16:52:08,184 DEBUG [main] cache:45 - TemplateLoader.findTemplateSource("exception-view/exception-view.ftl"): Found
2021-05-31 16:52:08,184 DEBUG [main] cache:45 - Loading template for "exception-view/exception-view.ftl"("en", UTF-8, parsed) from "jar:file:/C:/Users/DELL/.m2/repository/com/aventstack/extentreports/3.1.5/extentreports-3.1.5.jar!/com/aventstack/extentreports/view/html-report/exception-view/exception-view.ftl"
2021-05-31 16:52:08,232 DEBUG [main] cache:45 - Couldn't find template in cache for "dashboard-view/dashboard-view.ftl"("en", UTF-8, parsed); will try to load it.
2021-05-31 16:52:08,234 DEBUG [main] cache:45 - TemplateLoader.findTemplateSource("dashboard-view/dashboard-view_en.ftl"): Not found
2021-05-31 16:52:08,235 DEBUG [main] cache:45 - TemplateLoader.findTemplateSource("dashboard-view/dashboard-view.ftl"): Found
2021-05-31 16:52:08,236 DEBUG [main] cache:45 - Loading template for "dashboard-view/dashboard-view.ftl"("en", UTF-8, parsed) from "jar:file:/C:/Users/DELL/.m2/repository/com/aventstack/extentreports/3.1.5/extentreports-3.1.5.jar!/com/aventstack/extentreports/view/html-report/dashboard-view/dashboard-view.ftl"
2021-05-31 16:52:08,262 DEBUG [main] cache:45 - Couldn't find template in cache for "logs-view/testrunner-logs-view.ftl"("en", UTF-8, parsed); will try to load it.
2021-05-31 16:52:08,335 DEBUG [main] cache:45 - TemplateLoader.findTemplateSource("logs-view/testrunner-logs-view_en.ftl"): Not found
2021-05-31 16:52:08,351 DEBUG [main] cache:45 - TemplateLoader.findTemplateSource("logs-view/testrunner-logs-view.ftl"): Found
2021-05-31 16:52:08,361 DEBUG [main] cache:45 - Loading template for "logs-view/testrunner-logs-view.ftl"("en", UTF-8, parsed) from "jar:file:/C:/Users/DELL/.m2/repository/com/aventstack/extentreports/3.1.5/extentreports-3.1.5.jar!/com/aventstack/extentreports/view/html-report/logs-view/testrunner-logs-view.ftl"
